MIPS Simulator

Read 6 words from program into memory.

MIPS-SIM> 
8 500
MIPS-SIM> 
9 -200
MIPS-SIM> 
Simulating...



----

PIPELINE:
DCODE: (null)
EXEC : (null)
MEM  : (null)
WB   : (null)

DEBUG::FETCH: start fetching!


----

PIPELINE:
DCODE: (null)
EXEC : (null)
MEM  : (null)
WB   : (null)

DEBUG::FETCH: waiting for fetch stall


----

PIPELINE:
DCODE: (null)
EXEC : (null)
MEM  : (null)
WB   : (null)

DEBUG::FETCH: waiting for fetch stall


----

PIPELINE:
DCODE: (null)
EXEC : (null)
MEM  : (null)
WB   : (null)

DEBUG::FETCH: waiting for fetch stall


----

PIPELINE:
DCODE: (null)
EXEC : (null)
MEM  : (null)
WB   : (null)

DEBUG::FETCH: waiting for fetch stall


----

PIPELINE:
DCODE: (null)
EXEC : (null)
MEM  : (null)
WB   : (null)

DEBUG::FETCH: waiting for fetch stall


----

PIPELINE:
DCODE: (null)
EXEC : (null)
MEM  : (null)
WB   : (null)

DEBUG::FETCH: waiting for fetch stall


----

PIPELINE:
DCODE: (null)
EXEC : (null)
MEM  : (null)
WB   : (null)

DEBUG::FETCH: waiting for fetch stall


----

PIPELINE:
DCODE: (null)
EXEC : (null)
MEM  : (null)
WB   : (null)

DEBUG::FETCH: waiting for fetch stall


----

PIPELINE:
DCODE: (null)
EXEC : (null)
MEM  : (null)
WB   : (null)

DEBUG::FETCH: waiting for fetch stall


----

PIPELINE:
DCODE: (null)
EXEC : (null)
MEM  : (null)
WB   : (null)

DEBUG::FETCH: waiting for fetch stall


----

PIPELINE:
DCODE: (null)
EXEC : (null)
MEM  : (null)
WB   : (null)

DEBUG::FETCH: waiting for fetch stall


----

PIPELINE:
DCODE: (null)
EXEC : (null)
MEM  : (null)
WB   : (null)

DEBUG::FETCH: waiting for fetch stall


----

PIPELINE:
DCODE: (null)
EXEC : (null)
MEM  : (null)
WB   : (null)

DEBUG::FETCH: waiting for fetch stall


----

PIPELINE:
DCODE: (null)
EXEC : (null)
MEM  : (null)
WB   : (null)

DEBUG::FETCH: waiting for fetch stall


----

PIPELINE:
DCODE: (null)
EXEC : (null)
MEM  : (null)
WB   : (null)

DEBUG::FETCH: waiting for fetch stall


----

PIPELINE:
DCODE: (null)
EXEC : (null)
MEM  : (null)
WB   : (null)

DEBUG::FETCH: waiting for fetch stall


----

PIPELINE:
DCODE: (null)
EXEC : (null)
MEM  : (null)
WB   : (null)

DEBUG::FETCH: waiting for fetch stall


----

PIPELINE:
DCODE: (null)
EXEC : (null)
MEM  : (null)
WB   : (null)

DEBUG::FETCH: waiting for fetch stall


----

PIPELINE:
DCODE: (null)
EXEC : (null)
MEM  : (null)
WB   : (null)

DEBUG::FETCH: waiting for fetch stall


----

PIPELINE:
DCODE: (null)
EXEC : (null)
MEM  : (null)
WB   : (null)

DEBUG::FETCH: waiting for fetch stall


----

PIPELINE:
DCODE: (null)
EXEC : (null)
MEM  : (null)
WB   : (null)

DEBUG::FETCH: waiting for fetch stall


----

PIPELINE:
DCODE: (null)
EXEC : (null)
MEM  : (null)
WB   : (null)

DEBUG::FETCH: waiting for fetch stall


----

PIPELINE:
DCODE: (null)
EXEC : (null)
MEM  : (null)
WB   : (null)

DEBUG::FETCH: waiting for fetch stall


----

PIPELINE:
DCODE: (null)
EXEC : (null)
MEM  : (null)
WB   : (null)

DEBUG::FETCH: waiting for fetch stall


----

PIPELINE:
DCODE: (null)
EXEC : (null)
MEM  : (null)
WB   : (null)

DEBUG::FETCH: waiting for fetch stall


----

PIPELINE:
DCODE: (null)
EXEC : (null)
MEM  : (null)
WB   : (null)

DEBUG::FETCH: waiting for fetch stall


----

PIPELINE:
DCODE: (null)
EXEC : (null)
MEM  : (null)
WB   : (null)

DEBUG::FETCH: waiting for fetch stall


----

PIPELINE:
DCODE: (null)
EXEC : (null)
MEM  : (null)
WB   : (null)

DEBUG::FETCH: waiting for fetch stall


----

PIPELINE:
DCODE: (null)
EXEC : (null)
MEM  : (null)
WB   : (null)

DEBUG::FETCH: waiting for fetch stall


----

PIPELINE:
DCODE: (null)
EXEC : (null)
MEM  : (null)
WB   : (null)

DEBUG::FETCH: waiting for fetch stall


----

PIPELINE:
DCODE: (null)
EXEC : (null)
MEM  : (null)
WB   : (null)

DEBUG::FETCH: waiting for fetch stall


----

PIPELINE:
DCODE: (null)
EXEC : (null)
MEM  : (null)
WB   : (null)

DEBUG::FETCH: waiting for fetch stall


----

PIPELINE:
DCODE: (null)
EXEC : (null)
MEM  : (null)
WB   : (null)

DEBUG::FETCH: waiting for fetch stall


----

PIPELINE:
DCODE: (null)
EXEC : (null)
MEM  : (null)
WB   : (null)

DEBUG::FETCH: waiting for fetch stall


----

PIPELINE:
DCODE: (null)
EXEC : (null)
MEM  : (null)
WB   : (null)

DEBUG::FETCH: waiting for fetch stall


----

PIPELINE:
DCODE: (null)
EXEC : (null)
MEM  : (null)
WB   : (null)

DEBUG::FETCH: waiting for fetch stall


----

PIPELINE:
DCODE: (null)
EXEC : (null)
MEM  : (null)
WB   : (null)

DEBUG::FETCH: waiting for fetch stall


----

PIPELINE:
DCODE: (null)
EXEC : (null)
MEM  : (null)
WB   : (null)

DEBUG::FETCH: waiting for fetch stall


----

PIPELINE:
DCODE: (null)
EXEC : (null)
MEM  : (null)
WB   : (null)

DEBUG::FETCH: waiting for fetch stall


----

PIPELINE:
DCODE: (null)
EXEC : (null)
MEM  : (null)
WB   : (null)

DEBUG::FETCH: waiting for fetch stall


----

PIPELINE:
DCODE: (null)
EXEC : (null)
MEM  : (null)
WB   : (null)

DEBUG::FETCH: waiting for fetch stall


----

PIPELINE:
DCODE: (null)
EXEC : (null)
MEM  : (null)
WB   : (null)

DEBUG::FETCH: waiting for fetch stall


----

PIPELINE:
DCODE: (null)
EXEC : (null)
MEM  : (null)
WB   : (null)

DEBUG::FETCH: waiting for fetch stall


----

PIPELINE:
DCODE: (null)
EXEC : (null)
MEM  : (null)
WB   : (null)

DEBUG::FETCH: waiting for fetch stall


----

PIPELINE:
DCODE: (null)
EXEC : (null)
MEM  : (null)
WB   : (null)

DEBUG::FETCH: waiting for fetch stall


----

PIPELINE:
DCODE: (null)
EXEC : (null)
MEM  : (null)
WB   : (null)

DEBUG::FETCH: waiting for fetch stall


----

PIPELINE:
DCODE: (null)
EXEC : (null)
MEM  : (null)
WB   : (null)

DEBUG::FETCH: waiting for fetch stall


----

PIPELINE:
DCODE: (null)
EXEC : (null)
MEM  : (null)
WB   : (null)

DEBUG::FETCH: waiting for fetch stall


----

PIPELINE:
DCODE: (null)
EXEC : (null)
MEM  : (null)
WB   : (null)

DEBUG::FETCH: waiting for fetch stall


----

PIPELINE:
DCODE: (null)
EXEC : (null)
MEM  : (null)
WB   : (null)

DEBUG::FETCH: waiting for fetch stall


----

PIPELINE:
DCODE: (null)
EXEC : (null)
MEM  : (null)
WB   : (null)



----

PIPELINE:
DCODE: OP (PC=00400000 inst=01085020) src1=R-1 (00000000) src2=R-1 (00000000) dst=R-1 valid 0 (00000000) br=0 taken=0 dest=00000000 mem=0 addr=00000000
EXEC : (null)
MEM  : (null)
WB   : (null)

DEBUG::FETCH: start fetching!


----

PIPELINE:
DCODE: (null)
EXEC : OP (PC=00400000 inst=01085020) src1=R8 (00000000) src2=R8 (00000000) dst=R10 valid 0 (00000000) br=0 taken=0 dest=00000000 mem=0 addr=00000000
MEM  : (null)
WB   : (null)

DEBUG::FETCH: waiting for fetch stall


----

PIPELINE:
DCODE: (null)
EXEC : (null)
MEM  : OP (PC=00400000 inst=01085020) src1=R8 (000001f4) src2=R8 (000001f4) dst=R10 valid 1 (000003e8) br=0 taken=0 dest=00000000 mem=0 addr=00000000
WB   : (null)

DEBUG::FETCH: waiting for fetch stall


----

PIPELINE:
DCODE: (null)
EXEC : (null)
MEM  : (null)
WB   : OP (PC=00400000 inst=01085020) src1=R8 (000001f4) src2=R8 (000001f4) dst=R10 valid 1 (000003e8) br=0 taken=0 dest=00000000 mem=0 addr=00000000

R10 = 000003e8
DEBUG::FETCH: waiting for fetch stall


----

PIPELINE:
DCODE: (null)
EXEC : (null)
MEM  : (null)
WB   : (null)

DEBUG::FETCH: waiting for fetch stall


----

PIPELINE:
DCODE: (null)
EXEC : (null)
MEM  : (null)
WB   : (null)

DEBUG::FETCH: waiting for fetch stall


----

PIPELINE:
DCODE: (null)
EXEC : (null)
MEM  : (null)
WB   : (null)

DEBUG::FETCH: waiting for fetch stall


----

PIPELINE:
DCODE: (null)
EXEC : (null)
MEM  : (null)
WB   : (null)

DEBUG::FETCH: waiting for fetch stall


----

PIPELINE:
DCODE: (null)
EXEC : (null)
MEM  : (null)
WB   : (null)

DEBUG::FETCH: waiting for fetch stall


----

PIPELINE:
DCODE: (null)
EXEC : (null)
MEM  : (null)
WB   : (null)

DEBUG::FETCH: waiting for fetch stall


----

PIPELINE:
DCODE: (null)
EXEC : (null)
MEM  : (null)
WB   : (null)

DEBUG::FETCH: waiting for fetch stall


----

PIPELINE:
DCODE: (null)
EXEC : (null)
MEM  : (null)
WB   : (null)

DEBUG::FETCH: waiting for fetch stall


----

PIPELINE:
DCODE: (null)
EXEC : (null)
MEM  : (null)
WB   : (null)

DEBUG::FETCH: waiting for fetch stall


----

PIPELINE:
DCODE: (null)
EXEC : (null)
MEM  : (null)
WB   : (null)

DEBUG::FETCH: waiting for fetch stall


----

PIPELINE:
DCODE: (null)
EXEC : (null)
MEM  : (null)
WB   : (null)

DEBUG::FETCH: waiting for fetch stall


----

PIPELINE:
DCODE: (null)
EXEC : (null)
MEM  : (null)
WB   : (null)

DEBUG::FETCH: waiting for fetch stall


----

PIPELINE:
DCODE: (null)
EXEC : (null)
MEM  : (null)
WB   : (null)

DEBUG::FETCH: waiting for fetch stall


----

PIPELINE:
DCODE: (null)
EXEC : (null)
MEM  : (null)
WB   : (null)

DEBUG::FETCH: waiting for fetch stall


----

PIPELINE:
DCODE: (null)
EXEC : (null)
MEM  : (null)
WB   : (null)

DEBUG::FETCH: waiting for fetch stall


----

PIPELINE:
DCODE: (null)
EXEC : (null)
MEM  : (null)
WB   : (null)

DEBUG::FETCH: waiting for fetch stall


----

PIPELINE:
DCODE: (null)
EXEC : (null)
MEM  : (null)
WB   : (null)

DEBUG::FETCH: waiting for fetch stall


----

PIPELINE:
DCODE: (null)
EXEC : (null)
MEM  : (null)
WB   : (null)

DEBUG::FETCH: waiting for fetch stall


----

PIPELINE:
DCODE: (null)
EXEC : (null)
MEM  : (null)
WB   : (null)

DEBUG::FETCH: waiting for fetch stall


----

PIPELINE:
DCODE: (null)
EXEC : (null)
MEM  : (null)
WB   : (null)

DEBUG::FETCH: waiting for fetch stall


----

PIPELINE:
DCODE: (null)
EXEC : (null)
MEM  : (null)
WB   : (null)

DEBUG::FETCH: waiting for fetch stall


----

PIPELINE:
DCODE: (null)
EXEC : (null)
MEM  : (null)
WB   : (null)

DEBUG::FETCH: waiting for fetch stall


----

PIPELINE:
DCODE: (null)
EXEC : (null)
MEM  : (null)
WB   : (null)

DEBUG::FETCH: waiting for fetch stall


----

PIPELINE:
DCODE: (null)
EXEC : (null)
MEM  : (null)
WB   : (null)

DEBUG::FETCH: waiting for fetch stall


----

PIPELINE:
DCODE: (null)
EXEC : (null)
MEM  : (null)
WB   : (null)

DEBUG::FETCH: waiting for fetch stall


----

PIPELINE:
DCODE: (null)
EXEC : (null)
MEM  : (null)
WB   : (null)

DEBUG::FETCH: waiting for fetch stall


----

PIPELINE:
DCODE: (null)
EXEC : (null)
MEM  : (null)
WB   : (null)

DEBUG::FETCH: waiting for fetch stall


----

PIPELINE:
DCODE: (null)
EXEC : (null)
MEM  : (null)
WB   : (null)

DEBUG::FETCH: waiting for fetch stall


----

PIPELINE:
DCODE: (null)
EXEC : (null)
MEM  : (null)
WB   : (null)

DEBUG::FETCH: waiting for fetch stall


----

PIPELINE:
DCODE: (null)
EXEC : (null)
MEM  : (null)
WB   : (null)

DEBUG::FETCH: waiting for fetch stall


----

PIPELINE:
DCODE: (null)
EXEC : (null)
MEM  : (null)
WB   : (null)

DEBUG::FETCH: waiting for fetch stall


----

PIPELINE:
DCODE: (null)
EXEC : (null)
MEM  : (null)
WB   : (null)

DEBUG::FETCH: waiting for fetch stall


----

PIPELINE:
DCODE: (null)
EXEC : (null)
MEM  : (null)
WB   : (null)

DEBUG::FETCH: waiting for fetch stall


----

PIPELINE:
DCODE: (null)
EXEC : (null)
MEM  : (null)
WB   : (null)

DEBUG::FETCH: waiting for fetch stall


----

PIPELINE:
DCODE: (null)
EXEC : (null)
MEM  : (null)
WB   : (null)

DEBUG::FETCH: waiting for fetch stall


----

PIPELINE:
DCODE: (null)
EXEC : (null)
MEM  : (null)
WB   : (null)

DEBUG::FETCH: waiting for fetch stall


----

PIPELINE:
DCODE: (null)
EXEC : (null)
MEM  : (null)
WB   : (null)

DEBUG::FETCH: waiting for fetch stall


----

PIPELINE:
DCODE: (null)
EXEC : (null)
MEM  : (null)
WB   : (null)

DEBUG::FETCH: waiting for fetch stall


----

PIPELINE:
DCODE: (null)
EXEC : (null)
MEM  : (null)
WB   : (null)

DEBUG::FETCH: waiting for fetch stall


----

PIPELINE:
DCODE: (null)
EXEC : (null)
MEM  : (null)
WB   : (null)

DEBUG::FETCH: waiting for fetch stall


----

PIPELINE:
DCODE: (null)
EXEC : (null)
MEM  : (null)
WB   : (null)

DEBUG::FETCH: waiting for fetch stall


----

PIPELINE:
DCODE: (null)
EXEC : (null)
MEM  : (null)
WB   : (null)

DEBUG::FETCH: waiting for fetch stall


----

PIPELINE:
DCODE: (null)
EXEC : (null)
MEM  : (null)
WB   : (null)

DEBUG::FETCH: waiting for fetch stall


----

PIPELINE:
DCODE: (null)
EXEC : (null)
MEM  : (null)
WB   : (null)

DEBUG::FETCH: waiting for fetch stall


----

PIPELINE:
DCODE: (null)
EXEC : (null)
MEM  : (null)
WB   : (null)

DEBUG::FETCH: waiting for fetch stall


----

PIPELINE:
DCODE: (null)
EXEC : (null)
MEM  : (null)
WB   : (null)

DEBUG::FETCH: waiting for fetch stall


----

PIPELINE:
DCODE: (null)
EXEC : (null)
MEM  : (null)
WB   : (null)

DEBUG::FETCH: waiting for fetch stall


----

PIPELINE:
DCODE: (null)
EXEC : (null)
MEM  : (null)
WB   : (null)



----

PIPELINE:
DCODE: OP (PC=00400004 inst=01095820) src1=R-1 (00000000) src2=R-1 (00000000) dst=R-1 valid 0 (00000000) br=0 taken=0 dest=00000000 mem=0 addr=00000000
EXEC : (null)
MEM  : (null)
WB   : (null)

DEBUG::FETCH: start fetching!


----

PIPELINE:
DCODE: (null)
EXEC : OP (PC=00400004 inst=01095820) src1=R8 (00000000) src2=R9 (00000000) dst=R11 valid 0 (00000000) br=0 taken=0 dest=00000000 mem=0 addr=00000000
MEM  : (null)
WB   : (null)

DEBUG::FETCH: waiting for fetch stall


----

PIPELINE:
DCODE: (null)
EXEC : (null)
MEM  : OP (PC=00400004 inst=01095820) src1=R8 (000001f4) src2=R9 (ffffff38) dst=R11 valid 1 (0000012c) br=0 taken=0 dest=00000000 mem=0 addr=00000000
WB   : (null)

DEBUG::FETCH: waiting for fetch stall


----

PIPELINE:
DCODE: (null)
EXEC : (null)
MEM  : (null)
WB   : OP (PC=00400004 inst=01095820) src1=R8 (000001f4) src2=R9 (ffffff38) dst=R11 valid 1 (0000012c) br=0 taken=0 dest=00000000 mem=0 addr=00000000

R11 = 0000012c
DEBUG::FETCH: waiting for fetch stall


----

PIPELINE:
DCODE: (null)
EXEC : (null)
MEM  : (null)
WB   : (null)

DEBUG::FETCH: waiting for fetch stall


----

PIPELINE:
DCODE: (null)
EXEC : (null)
MEM  : (null)
WB   : (null)

DEBUG::FETCH: waiting for fetch stall


----

PIPELINE:
DCODE: (null)
EXEC : (null)
MEM  : (null)
WB   : (null)

DEBUG::FETCH: waiting for fetch stall


----

PIPELINE:
DCODE: (null)
EXEC : (null)
MEM  : (null)
WB   : (null)

DEBUG::FETCH: waiting for fetch stall


----

PIPELINE:
DCODE: (null)
EXEC : (null)
MEM  : (null)
WB   : (null)

DEBUG::FETCH: waiting for fetch stall


----

PIPELINE:
DCODE: (null)
EXEC : (null)
MEM  : (null)
WB   : (null)

DEBUG::FETCH: waiting for fetch stall


----

PIPELINE:
DCODE: (null)
EXEC : (null)
MEM  : (null)
WB   : (null)

DEBUG::FETCH: waiting for fetch stall


----

PIPELINE:
DCODE: (null)
EXEC : (null)
MEM  : (null)
WB   : (null)

DEBUG::FETCH: waiting for fetch stall


----

PIPELINE:
DCODE: (null)
EXEC : (null)
MEM  : (null)
WB   : (null)

DEBUG::FETCH: waiting for fetch stall


----

PIPELINE:
DCODE: (null)
EXEC : (null)
MEM  : (null)
WB   : (null)

DEBUG::FETCH: waiting for fetch stall


----

PIPELINE:
DCODE: (null)
EXEC : (null)
MEM  : (null)
WB   : (null)

DEBUG::FETCH: waiting for fetch stall


----

PIPELINE:
DCODE: (null)
EXEC : (null)
MEM  : (null)
WB   : (null)

DEBUG::FETCH: waiting for fetch stall


----

PIPELINE:
DCODE: (null)
EXEC : (null)
MEM  : (null)
WB   : (null)

DEBUG::FETCH: waiting for fetch stall


----

PIPELINE:
DCODE: (null)
EXEC : (null)
MEM  : (null)
WB   : (null)

DEBUG::FETCH: waiting for fetch stall


----

PIPELINE:
DCODE: (null)
EXEC : (null)
MEM  : (null)
WB   : (null)

DEBUG::FETCH: waiting for fetch stall


----

PIPELINE:
DCODE: (null)
EXEC : (null)
MEM  : (null)
WB   : (null)

DEBUG::FETCH: waiting for fetch stall


----

PIPELINE:
DCODE: (null)
EXEC : (null)
MEM  : (null)
WB   : (null)

DEBUG::FETCH: waiting for fetch stall


----

PIPELINE:
DCODE: (null)
EXEC : (null)
MEM  : (null)
WB   : (null)

DEBUG::FETCH: waiting for fetch stall


----

PIPELINE:
DCODE: (null)
EXEC : (null)
MEM  : (null)
WB   : (null)

DEBUG::FETCH: waiting for fetch stall


----

PIPELINE:
DCODE: (null)
EXEC : (null)
MEM  : (null)
WB   : (null)

DEBUG::FETCH: waiting for fetch stall


----

PIPELINE:
DCODE: (null)
EXEC : (null)
MEM  : (null)
WB   : (null)

DEBUG::FETCH: waiting for fetch stall


----

PIPELINE:
DCODE: (null)
EXEC : (null)
MEM  : (null)
WB   : (null)

DEBUG::FETCH: waiting for fetch stall


----

PIPELINE:
DCODE: (null)
EXEC : (null)
MEM  : (null)
WB   : (null)

DEBUG::FETCH: waiting for fetch stall


----

PIPELINE:
DCODE: (null)
EXEC : (null)
MEM  : (null)
WB   : (null)

DEBUG::FETCH: waiting for fetch stall


----

PIPELINE:
DCODE: (null)
EXEC : (null)
MEM  : (null)
WB   : (null)

DEBUG::FETCH: waiting for fetch stall


----

PIPELINE:
DCODE: (null)
EXEC : (null)
MEM  : (null)
WB   : (null)

DEBUG::FETCH: waiting for fetch stall


----

PIPELINE:
DCODE: (null)
EXEC : (null)
MEM  : (null)
WB   : (null)

DEBUG::FETCH: waiting for fetch stall


----

PIPELINE:
DCODE: (null)
EXEC : (null)
MEM  : (null)
WB   : (null)

DEBUG::FETCH: waiting for fetch stall


----

PIPELINE:
DCODE: (null)
EXEC : (null)
MEM  : (null)
WB   : (null)

DEBUG::FETCH: waiting for fetch stall


----

PIPELINE:
DCODE: (null)
EXEC : (null)
MEM  : (null)
WB   : (null)

DEBUG::FETCH: waiting for fetch stall


----

PIPELINE:
DCODE: (null)
EXEC : (null)
MEM  : (null)
WB   : (null)

DEBUG::FETCH: waiting for fetch stall


----

PIPELINE:
DCODE: (null)
EXEC : (null)
MEM  : (null)
WB   : (null)

DEBUG::FETCH: waiting for fetch stall


----

PIPELINE:
DCODE: (null)
EXEC : (null)
MEM  : (null)
WB   : (null)

DEBUG::FETCH: waiting for fetch stall


----

PIPELINE:
DCODE: (null)
EXEC : (null)
MEM  : (null)
WB   : (null)

DEBUG::FETCH: waiting for fetch stall


----

PIPELINE:
DCODE: (null)
EXEC : (null)
MEM  : (null)
WB   : (null)

DEBUG::FETCH: waiting for fetch stall


----

PIPELINE:
DCODE: (null)
EXEC : (null)
MEM  : (null)
WB   : (null)

DEBUG::FETCH: waiting for fetch stall


----

PIPELINE:
DCODE: (null)
EXEC : (null)
MEM  : (null)
WB   : (null)

DEBUG::FETCH: waiting for fetch stall


----

PIPELINE:
DCODE: (null)
EXEC : (null)
MEM  : (null)
WB   : (null)

DEBUG::FETCH: waiting for fetch stall


----

PIPELINE:
DCODE: (null)
EXEC : (null)
MEM  : (null)
WB   : (null)

DEBUG::FETCH: waiting for fetch stall


----

PIPELINE:
DCODE: (null)
EXEC : (null)
MEM  : (null)
WB   : (null)

DEBUG::FETCH: waiting for fetch stall


----

PIPELINE:
DCODE: (null)
EXEC : (null)
MEM  : (null)
WB   : (null)

DEBUG::FETCH: waiting for fetch stall


----

PIPELINE:
DCODE: (null)
EXEC : (null)
MEM  : (null)
WB   : (null)

DEBUG::FETCH: waiting for fetch stall


----

PIPELINE:
DCODE: (null)
EXEC : (null)
MEM  : (null)
WB   : (null)

DEBUG::FETCH: waiting for fetch stall


----

PIPELINE:
DCODE: (null)
EXEC : (null)
MEM  : (null)
WB   : (null)

DEBUG::FETCH: waiting for fetch stall


----

PIPELINE:
DCODE: (null)
EXEC : (null)
MEM  : (null)
WB   : (null)

DEBUG::FETCH: waiting for fetch stall


----

PIPELINE:
DCODE: (null)
EXEC : (null)
MEM  : (null)
WB   : (null)

DEBUG::FETCH: waiting for fetch stall


----

PIPELINE:
DCODE: (null)
EXEC : (null)
MEM  : (null)
WB   : (null)

DEBUG::FETCH: waiting for fetch stall


----

PIPELINE:
DCODE: (null)
EXEC : (null)
MEM  : (null)
WB   : (null)



----

PIPELINE:
DCODE: OP (PC=00400008 inst=01286020) src1=R-1 (00000000) src2=R-1 (00000000) dst=R-1 valid 0 (00000000) br=0 taken=0 dest=00000000 mem=0 addr=00000000
EXEC : (null)
MEM  : (null)
WB   : (null)

DEBUG::FETCH: start fetching!


----

PIPELINE:
DCODE: (null)
EXEC : OP (PC=00400008 inst=01286020) src1=R9 (00000000) src2=R8 (00000000) dst=R12 valid 0 (00000000) br=0 taken=0 dest=00000000 mem=0 addr=00000000
MEM  : (null)
WB   : (null)

DEBUG::FETCH: waiting for fetch stall


----

PIPELINE:
DCODE: (null)
EXEC : (null)
MEM  : OP (PC=00400008 inst=01286020) src1=R9 (ffffff38) src2=R8 (000001f4) dst=R12 valid 1 (0000012c) br=0 taken=0 dest=00000000 mem=0 addr=00000000
WB   : (null)

DEBUG::FETCH: waiting for fetch stall


----

PIPELINE:
DCODE: (null)
EXEC : (null)
MEM  : (null)
WB   : OP (PC=00400008 inst=01286020) src1=R9 (ffffff38) src2=R8 (000001f4) dst=R12 valid 1 (0000012c) br=0 taken=0 dest=00000000 mem=0 addr=00000000

R12 = 0000012c
DEBUG::FETCH: waiting for fetch stall


----

PIPELINE:
DCODE: (null)
EXEC : (null)
MEM  : (null)
WB   : (null)

DEBUG::FETCH: waiting for fetch stall


----

PIPELINE:
DCODE: (null)
EXEC : (null)
MEM  : (null)
WB   : (null)

DEBUG::FETCH: waiting for fetch stall


----

PIPELINE:
DCODE: (null)
EXEC : (null)
MEM  : (null)
WB   : (null)

DEBUG::FETCH: waiting for fetch stall


----

PIPELINE:
DCODE: (null)
EXEC : (null)
MEM  : (null)
WB   : (null)

DEBUG::FETCH: waiting for fetch stall


----

PIPELINE:
DCODE: (null)
EXEC : (null)
MEM  : (null)
WB   : (null)

DEBUG::FETCH: waiting for fetch stall


----

PIPELINE:
DCODE: (null)
EXEC : (null)
MEM  : (null)
WB   : (null)

DEBUG::FETCH: waiting for fetch stall


----

PIPELINE:
DCODE: (null)
EXEC : (null)
MEM  : (null)
WB   : (null)

DEBUG::FETCH: waiting for fetch stall


----

PIPELINE:
DCODE: (null)
EXEC : (null)
MEM  : (null)
WB   : (null)

DEBUG::FETCH: waiting for fetch stall


----

PIPELINE:
DCODE: (null)
EXEC : (null)
MEM  : (null)
WB   : (null)

DEBUG::FETCH: waiting for fetch stall


----

PIPELINE:
DCODE: (null)
EXEC : (null)
MEM  : (null)
WB   : (null)

DEBUG::FETCH: waiting for fetch stall


----

PIPELINE:
DCODE: (null)
EXEC : (null)
MEM  : (null)
WB   : (null)

DEBUG::FETCH: waiting for fetch stall


----

PIPELINE:
DCODE: (null)
EXEC : (null)
MEM  : (null)
WB   : (null)

DEBUG::FETCH: waiting for fetch stall


----

PIPELINE:
DCODE: (null)
EXEC : (null)
MEM  : (null)
WB   : (null)

DEBUG::FETCH: waiting for fetch stall


----

PIPELINE:
DCODE: (null)
EXEC : (null)
MEM  : (null)
WB   : (null)

DEBUG::FETCH: waiting for fetch stall


----

PIPELINE:
DCODE: (null)
EXEC : (null)
MEM  : (null)
WB   : (null)

DEBUG::FETCH: waiting for fetch stall


----

PIPELINE:
DCODE: (null)
EXEC : (null)
MEM  : (null)
WB   : (null)

DEBUG::FETCH: waiting for fetch stall


----

PIPELINE:
DCODE: (null)
EXEC : (null)
MEM  : (null)
WB   : (null)

DEBUG::FETCH: waiting for fetch stall


----

PIPELINE:
DCODE: (null)
EXEC : (null)
MEM  : (null)
WB   : (null)

DEBUG::FETCH: waiting for fetch stall


----

PIPELINE:
DCODE: (null)
EXEC : (null)
MEM  : (null)
WB   : (null)

DEBUG::FETCH: waiting for fetch stall


----

PIPELINE:
DCODE: (null)
EXEC : (null)
MEM  : (null)
WB   : (null)

DEBUG::FETCH: waiting for fetch stall


----

PIPELINE:
DCODE: (null)
EXEC : (null)
MEM  : (null)
WB   : (null)

DEBUG::FETCH: waiting for fetch stall


----

PIPELINE:
DCODE: (null)
EXEC : (null)
MEM  : (null)
WB   : (null)

DEBUG::FETCH: waiting for fetch stall


----

PIPELINE:
DCODE: (null)
EXEC : (null)
MEM  : (null)
WB   : (null)

DEBUG::FETCH: waiting for fetch stall


----

PIPELINE:
DCODE: (null)
EXEC : (null)
MEM  : (null)
WB   : (null)

DEBUG::FETCH: waiting for fetch stall


----

PIPELINE:
DCODE: (null)
EXEC : (null)
MEM  : (null)
WB   : (null)

DEBUG::FETCH: waiting for fetch stall


----

PIPELINE:
DCODE: (null)
EXEC : (null)
MEM  : (null)
WB   : (null)

DEBUG::FETCH: waiting for fetch stall


----

PIPELINE:
DCODE: (null)
EXEC : (null)
MEM  : (null)
WB   : (null)

DEBUG::FETCH: waiting for fetch stall


----

PIPELINE:
DCODE: (null)
EXEC : (null)
MEM  : (null)
WB   : (null)

DEBUG::FETCH: waiting for fetch stall


----

PIPELINE:
DCODE: (null)
EXEC : (null)
MEM  : (null)
WB   : (null)

DEBUG::FETCH: waiting for fetch stall


----

PIPELINE:
DCODE: (null)
EXEC : (null)
MEM  : (null)
WB   : (null)

DEBUG::FETCH: waiting for fetch stall


----

PIPELINE:
DCODE: (null)
EXEC : (null)
MEM  : (null)
WB   : (null)

DEBUG::FETCH: waiting for fetch stall


----

PIPELINE:
DCODE: (null)
EXEC : (null)
MEM  : (null)
WB   : (null)

DEBUG::FETCH: waiting for fetch stall


----

PIPELINE:
DCODE: (null)
EXEC : (null)
MEM  : (null)
WB   : (null)

DEBUG::FETCH: waiting for fetch stall


----

PIPELINE:
DCODE: (null)
EXEC : (null)
MEM  : (null)
WB   : (null)

DEBUG::FETCH: waiting for fetch stall


----

PIPELINE:
DCODE: (null)
EXEC : (null)
MEM  : (null)
WB   : (null)

DEBUG::FETCH: waiting for fetch stall


----

PIPELINE:
DCODE: (null)
EXEC : (null)
MEM  : (null)
WB   : (null)

DEBUG::FETCH: waiting for fetch stall


----

PIPELINE:
DCODE: (null)
EXEC : (null)
MEM  : (null)
WB   : (null)

DEBUG::FETCH: waiting for fetch stall


----

PIPELINE:
DCODE: (null)
EXEC : (null)
MEM  : (null)
WB   : (null)

DEBUG::FETCH: waiting for fetch stall


----

PIPELINE:
DCODE: (null)
EXEC : (null)
MEM  : (null)
WB   : (null)

DEBUG::FETCH: waiting for fetch stall


----

PIPELINE:
DCODE: (null)
EXEC : (null)
MEM  : (null)
WB   : (null)

DEBUG::FETCH: waiting for fetch stall


----

PIPELINE:
DCODE: (null)
EXEC : (null)
MEM  : (null)
WB   : (null)

DEBUG::FETCH: waiting for fetch stall


----

PIPELINE:
DCODE: (null)
EXEC : (null)
MEM  : (null)
WB   : (null)

DEBUG::FETCH: waiting for fetch stall


----

PIPELINE:
DCODE: (null)
EXEC : (null)
MEM  : (null)
WB   : (null)

DEBUG::FETCH: waiting for fetch stall


----

PIPELINE:
DCODE: (null)
EXEC : (null)
MEM  : (null)
WB   : (null)

DEBUG::FETCH: waiting for fetch stall


----

PIPELINE:
DCODE: (null)
EXEC : (null)
MEM  : (null)
WB   : (null)

DEBUG::FETCH: waiting for fetch stall


----

PIPELINE:
DCODE: (null)
EXEC : (null)
MEM  : (null)
WB   : (null)

DEBUG::FETCH: waiting for fetch stall


----

PIPELINE:
DCODE: (null)
EXEC : (null)
MEM  : (null)
WB   : (null)

DEBUG::FETCH: waiting for fetch stall


----

PIPELINE:
DCODE: (null)
EXEC : (null)
MEM  : (null)
WB   : (null)



----

PIPELINE:
DCODE: OP (PC=0040000c inst=01296820) src1=R-1 (00000000) src2=R-1 (00000000) dst=R-1 valid 0 (00000000) br=0 taken=0 dest=00000000 mem=0 addr=00000000
EXEC : (null)
MEM  : (null)
WB   : (null)

DEBUG::FETCH: start fetching!


----

PIPELINE:
DCODE: (null)
EXEC : OP (PC=0040000c inst=01296820) src1=R9 (00000000) src2=R9 (00000000) dst=R13 valid 0 (00000000) br=0 taken=0 dest=00000000 mem=0 addr=00000000
MEM  : (null)
WB   : (null)

DEBUG::FETCH: waiting for fetch stall


----

PIPELINE:
DCODE: (null)
EXEC : (null)
MEM  : OP (PC=0040000c inst=01296820) src1=R9 (ffffff38) src2=R9 (ffffff38) dst=R13 valid 1 (fffffe70) br=0 taken=0 dest=00000000 mem=0 addr=00000000
WB   : (null)

DEBUG::FETCH: waiting for fetch stall


----

PIPELINE:
DCODE: (null)
EXEC : (null)
MEM  : (null)
WB   : OP (PC=0040000c inst=01296820) src1=R9 (ffffff38) src2=R9 (ffffff38) dst=R13 valid 1 (fffffe70) br=0 taken=0 dest=00000000 mem=0 addr=00000000

R13 = fffffe70
DEBUG::FETCH: waiting for fetch stall


----

PIPELINE:
DCODE: (null)
EXEC : (null)
MEM  : (null)
WB   : (null)

DEBUG::FETCH: waiting for fetch stall


----

PIPELINE:
DCODE: (null)
EXEC : (null)
MEM  : (null)
WB   : (null)

DEBUG::FETCH: waiting for fetch stall


----

PIPELINE:
DCODE: (null)
EXEC : (null)
MEM  : (null)
WB   : (null)

DEBUG::FETCH: waiting for fetch stall


----

PIPELINE:
DCODE: (null)
EXEC : (null)
MEM  : (null)
WB   : (null)

DEBUG::FETCH: waiting for fetch stall


----

PIPELINE:
DCODE: (null)
EXEC : (null)
MEM  : (null)
WB   : (null)

DEBUG::FETCH: waiting for fetch stall


----

PIPELINE:
DCODE: (null)
EXEC : (null)
MEM  : (null)
WB   : (null)

DEBUG::FETCH: waiting for fetch stall


----

PIPELINE:
DCODE: (null)
EXEC : (null)
MEM  : (null)
WB   : (null)

DEBUG::FETCH: waiting for fetch stall


----

PIPELINE:
DCODE: (null)
EXEC : (null)
MEM  : (null)
WB   : (null)

DEBUG::FETCH: waiting for fetch stall


----

PIPELINE:
DCODE: (null)
EXEC : (null)
MEM  : (null)
WB   : (null)

DEBUG::FETCH: waiting for fetch stall


----

PIPELINE:
DCODE: (null)
EXEC : (null)
MEM  : (null)
WB   : (null)

DEBUG::FETCH: waiting for fetch stall


----

PIPELINE:
DCODE: (null)
EXEC : (null)
MEM  : (null)
WB   : (null)

DEBUG::FETCH: waiting for fetch stall


----

PIPELINE:
DCODE: (null)
EXEC : (null)
MEM  : (null)
WB   : (null)

DEBUG::FETCH: waiting for fetch stall


----

PIPELINE:
DCODE: (null)
EXEC : (null)
MEM  : (null)
WB   : (null)

DEBUG::FETCH: waiting for fetch stall


----

PIPELINE:
DCODE: (null)
EXEC : (null)
MEM  : (null)
WB   : (null)

DEBUG::FETCH: waiting for fetch stall


----

PIPELINE:
DCODE: (null)
EXEC : (null)
MEM  : (null)
WB   : (null)

DEBUG::FETCH: waiting for fetch stall


----

PIPELINE:
DCODE: (null)
EXEC : (null)
MEM  : (null)
WB   : (null)

DEBUG::FETCH: waiting for fetch stall


----

PIPELINE:
DCODE: (null)
EXEC : (null)
MEM  : (null)
WB   : (null)

DEBUG::FETCH: waiting for fetch stall


----

PIPELINE:
DCODE: (null)
EXEC : (null)
MEM  : (null)
WB   : (null)

DEBUG::FETCH: waiting for fetch stall


----

PIPELINE:
DCODE: (null)
EXEC : (null)
MEM  : (null)
WB   : (null)

DEBUG::FETCH: waiting for fetch stall


----

PIPELINE:
DCODE: (null)
EXEC : (null)
MEM  : (null)
WB   : (null)

DEBUG::FETCH: waiting for fetch stall


----

PIPELINE:
DCODE: (null)
EXEC : (null)
MEM  : (null)
WB   : (null)

DEBUG::FETCH: waiting for fetch stall


----

PIPELINE:
DCODE: (null)
EXEC : (null)
MEM  : (null)
WB   : (null)

DEBUG::FETCH: waiting for fetch stall


----

PIPELINE:
DCODE: (null)
EXEC : (null)
MEM  : (null)
WB   : (null)

DEBUG::FETCH: waiting for fetch stall


----

PIPELINE:
DCODE: (null)
EXEC : (null)
MEM  : (null)
WB   : (null)

DEBUG::FETCH: waiting for fetch stall


----

PIPELINE:
DCODE: (null)
EXEC : (null)
MEM  : (null)
WB   : (null)

DEBUG::FETCH: waiting for fetch stall


----

PIPELINE:
DCODE: (null)
EXEC : (null)
MEM  : (null)
WB   : (null)

DEBUG::FETCH: waiting for fetch stall


----

PIPELINE:
DCODE: (null)
EXEC : (null)
MEM  : (null)
WB   : (null)

DEBUG::FETCH: waiting for fetch stall


----

PIPELINE:
DCODE: (null)
EXEC : (null)
MEM  : (null)
WB   : (null)

DEBUG::FETCH: waiting for fetch stall


----

PIPELINE:
DCODE: (null)
EXEC : (null)
MEM  : (null)
WB   : (null)

DEBUG::FETCH: waiting for fetch stall


----

PIPELINE:
DCODE: (null)
EXEC : (null)
MEM  : (null)
WB   : (null)

DEBUG::FETCH: waiting for fetch stall


----

PIPELINE:
DCODE: (null)
EXEC : (null)
MEM  : (null)
WB   : (null)

DEBUG::FETCH: waiting for fetch stall


----

PIPELINE:
DCODE: (null)
EXEC : (null)
MEM  : (null)
WB   : (null)

DEBUG::FETCH: waiting for fetch stall


----

PIPELINE:
DCODE: (null)
EXEC : (null)
MEM  : (null)
WB   : (null)

DEBUG::FETCH: waiting for fetch stall


----

PIPELINE:
DCODE: (null)
EXEC : (null)
MEM  : (null)
WB   : (null)

DEBUG::FETCH: waiting for fetch stall


----

PIPELINE:
DCODE: (null)
EXEC : (null)
MEM  : (null)
WB   : (null)

DEBUG::FETCH: waiting for fetch stall


----

PIPELINE:
DCODE: (null)
EXEC : (null)
MEM  : (null)
WB   : (null)

DEBUG::FETCH: waiting for fetch stall


----

PIPELINE:
DCODE: (null)
EXEC : (null)
MEM  : (null)
WB   : (null)

DEBUG::FETCH: waiting for fetch stall


----

PIPELINE:
DCODE: (null)
EXEC : (null)
MEM  : (null)
WB   : (null)

DEBUG::FETCH: waiting for fetch stall


----

PIPELINE:
DCODE: (null)
EXEC : (null)
MEM  : (null)
WB   : (null)

DEBUG::FETCH: waiting for fetch stall


----

PIPELINE:
DCODE: (null)
EXEC : (null)
MEM  : (null)
WB   : (null)

DEBUG::FETCH: waiting for fetch stall


----

PIPELINE:
DCODE: (null)
EXEC : (null)
MEM  : (null)
WB   : (null)

DEBUG::FETCH: waiting for fetch stall


----

PIPELINE:
DCODE: (null)
EXEC : (null)
MEM  : (null)
WB   : (null)

DEBUG::FETCH: waiting for fetch stall


----

PIPELINE:
DCODE: (null)
EXEC : (null)
MEM  : (null)
WB   : (null)

DEBUG::FETCH: waiting for fetch stall


----

PIPELINE:
DCODE: (null)
EXEC : (null)
MEM  : (null)
WB   : (null)

DEBUG::FETCH: waiting for fetch stall


----

PIPELINE:
DCODE: (null)
EXEC : (null)
MEM  : (null)
WB   : (null)

DEBUG::FETCH: waiting for fetch stall


----

PIPELINE:
DCODE: (null)
EXEC : (null)
MEM  : (null)
WB   : (null)

DEBUG::FETCH: waiting for fetch stall


----

PIPELINE:
DCODE: (null)
EXEC : (null)
MEM  : (null)
WB   : (null)

DEBUG::FETCH: waiting for fetch stall


----

PIPELINE:
DCODE: (null)
EXEC : (null)
MEM  : (null)
WB   : (null)



----

PIPELINE:
DCODE: OP (PC=00400010 inst=2402000a) src1=R-1 (00000000) src2=R-1 (00000000) dst=R-1 valid 0 (00000000) br=0 taken=0 dest=00000000 mem=0 addr=00000000
EXEC : (null)
MEM  : (null)
WB   : (null)

DEBUG::FETCH: start fetching!


----

PIPELINE:
DCODE: (null)
EXEC : OP (PC=00400010 inst=2402000a) src1=R0 (00000000) src2=R-1 (00000000) dst=R2 valid 0 (00000000) br=0 taken=0 dest=00000000 mem=0 addr=00000000
MEM  : (null)
WB   : (null)

DEBUG::FETCH: waiting for fetch stall


----

PIPELINE:
DCODE: (null)
EXEC : (null)
MEM  : OP (PC=00400010 inst=2402000a) src1=R0 (00000000) src2=R-1 (00000000) dst=R2 valid 1 (0000000a) br=0 taken=0 dest=00000000 mem=0 addr=00000000
WB   : (null)

DEBUG::FETCH: waiting for fetch stall


----

PIPELINE:
DCODE: (null)
EXEC : (null)
MEM  : (null)
WB   : OP (PC=00400010 inst=2402000a) src1=R0 (00000000) src2=R-1 (00000000) dst=R2 valid 1 (0000000a) br=0 taken=0 dest=00000000 mem=0 addr=00000000

R2 = 0000000a
DEBUG::FETCH: waiting for fetch stall


----

PIPELINE:
DCODE: (null)
EXEC : (null)
MEM  : (null)
WB   : (null)

DEBUG::FETCH: waiting for fetch stall


----

PIPELINE:
DCODE: (null)
EXEC : (null)
MEM  : (null)
WB   : (null)

DEBUG::FETCH: waiting for fetch stall


----

PIPELINE:
DCODE: (null)
EXEC : (null)
MEM  : (null)
WB   : (null)

DEBUG::FETCH: waiting for fetch stall


----

PIPELINE:
DCODE: (null)
EXEC : (null)
MEM  : (null)
WB   : (null)

DEBUG::FETCH: waiting for fetch stall


----

PIPELINE:
DCODE: (null)
EXEC : (null)
MEM  : (null)
WB   : (null)

DEBUG::FETCH: waiting for fetch stall


----

PIPELINE:
DCODE: (null)
EXEC : (null)
MEM  : (null)
WB   : (null)

DEBUG::FETCH: waiting for fetch stall


----

PIPELINE:
DCODE: (null)
EXEC : (null)
MEM  : (null)
WB   : (null)

DEBUG::FETCH: waiting for fetch stall


----

PIPELINE:
DCODE: (null)
EXEC : (null)
MEM  : (null)
WB   : (null)

DEBUG::FETCH: waiting for fetch stall


----

PIPELINE:
DCODE: (null)
EXEC : (null)
MEM  : (null)
WB   : (null)

DEBUG::FETCH: waiting for fetch stall


----

PIPELINE:
DCODE: (null)
EXEC : (null)
MEM  : (null)
WB   : (null)

DEBUG::FETCH: waiting for fetch stall


----

PIPELINE:
DCODE: (null)
EXEC : (null)
MEM  : (null)
WB   : (null)

DEBUG::FETCH: waiting for fetch stall


----

PIPELINE:
DCODE: (null)
EXEC : (null)
MEM  : (null)
WB   : (null)

DEBUG::FETCH: waiting for fetch stall


----

PIPELINE:
DCODE: (null)
EXEC : (null)
MEM  : (null)
WB   : (null)

DEBUG::FETCH: waiting for fetch stall


----

PIPELINE:
DCODE: (null)
EXEC : (null)
MEM  : (null)
WB   : (null)

DEBUG::FETCH: waiting for fetch stall


----

PIPELINE:
DCODE: (null)
EXEC : (null)
MEM  : (null)
WB   : (null)

DEBUG::FETCH: waiting for fetch stall


----

PIPELINE:
DCODE: (null)
EXEC : (null)
MEM  : (null)
WB   : (null)

DEBUG::FETCH: waiting for fetch stall


----

PIPELINE:
DCODE: (null)
EXEC : (null)
MEM  : (null)
WB   : (null)

DEBUG::FETCH: waiting for fetch stall


----

PIPELINE:
DCODE: (null)
EXEC : (null)
MEM  : (null)
WB   : (null)

DEBUG::FETCH: waiting for fetch stall


----

PIPELINE:
DCODE: (null)
EXEC : (null)
MEM  : (null)
WB   : (null)

DEBUG::FETCH: waiting for fetch stall


----

PIPELINE:
DCODE: (null)
EXEC : (null)
MEM  : (null)
WB   : (null)

DEBUG::FETCH: waiting for fetch stall


----

PIPELINE:
DCODE: (null)
EXEC : (null)
MEM  : (null)
WB   : (null)

DEBUG::FETCH: waiting for fetch stall


----

PIPELINE:
DCODE: (null)
EXEC : (null)
MEM  : (null)
WB   : (null)

DEBUG::FETCH: waiting for fetch stall


----

PIPELINE:
DCODE: (null)
EXEC : (null)
MEM  : (null)
WB   : (null)

DEBUG::FETCH: waiting for fetch stall


----

PIPELINE:
DCODE: (null)
EXEC : (null)
MEM  : (null)
WB   : (null)

DEBUG::FETCH: waiting for fetch stall


----

PIPELINE:
DCODE: (null)
EXEC : (null)
MEM  : (null)
WB   : (null)

DEBUG::FETCH: waiting for fetch stall


----

PIPELINE:
DCODE: (null)
EXEC : (null)
MEM  : (null)
WB   : (null)

DEBUG::FETCH: waiting for fetch stall


----

PIPELINE:
DCODE: (null)
EXEC : (null)
MEM  : (null)
WB   : (null)

DEBUG::FETCH: waiting for fetch stall


----

PIPELINE:
DCODE: (null)
EXEC : (null)
MEM  : (null)
WB   : (null)

DEBUG::FETCH: waiting for fetch stall


----

PIPELINE:
DCODE: (null)
EXEC : (null)
MEM  : (null)
WB   : (null)

DEBUG::FETCH: waiting for fetch stall


----

PIPELINE:
DCODE: (null)
EXEC : (null)
MEM  : (null)
WB   : (null)

DEBUG::FETCH: waiting for fetch stall


----

PIPELINE:
DCODE: (null)
EXEC : (null)
MEM  : (null)
WB   : (null)

DEBUG::FETCH: waiting for fetch stall


----

PIPELINE:
DCODE: (null)
EXEC : (null)
MEM  : (null)
WB   : (null)

DEBUG::FETCH: waiting for fetch stall


----

PIPELINE:
DCODE: (null)
EXEC : (null)
MEM  : (null)
WB   : (null)

DEBUG::FETCH: waiting for fetch stall


----

PIPELINE:
DCODE: (null)
EXEC : (null)
MEM  : (null)
WB   : (null)

DEBUG::FETCH: waiting for fetch stall


----

PIPELINE:
DCODE: (null)
EXEC : (null)
MEM  : (null)
WB   : (null)

DEBUG::FETCH: waiting for fetch stall


----

PIPELINE:
DCODE: (null)
EXEC : (null)
MEM  : (null)
WB   : (null)

DEBUG::FETCH: waiting for fetch stall


----

PIPELINE:
DCODE: (null)
EXEC : (null)
MEM  : (null)
WB   : (null)

DEBUG::FETCH: waiting for fetch stall


----

PIPELINE:
DCODE: (null)
EXEC : (null)
MEM  : (null)
WB   : (null)

DEBUG::FETCH: waiting for fetch stall


----

PIPELINE:
DCODE: (null)
EXEC : (null)
MEM  : (null)
WB   : (null)

DEBUG::FETCH: waiting for fetch stall


----

PIPELINE:
DCODE: (null)
EXEC : (null)
MEM  : (null)
WB   : (null)

DEBUG::FETCH: waiting for fetch stall


----

PIPELINE:
DCODE: (null)
EXEC : (null)
MEM  : (null)
WB   : (null)

DEBUG::FETCH: waiting for fetch stall


----

PIPELINE:
DCODE: (null)
EXEC : (null)
MEM  : (null)
WB   : (null)

DEBUG::FETCH: waiting for fetch stall


----

PIPELINE:
DCODE: (null)
EXEC : (null)
MEM  : (null)
WB   : (null)

DEBUG::FETCH: waiting for fetch stall


----

PIPELINE:
DCODE: (null)
EXEC : (null)
MEM  : (null)
WB   : (null)

DEBUG::FETCH: waiting for fetch stall


----

PIPELINE:
DCODE: (null)
EXEC : (null)
MEM  : (null)
WB   : (null)

DEBUG::FETCH: waiting for fetch stall


----

PIPELINE:
DCODE: (null)
EXEC : (null)
MEM  : (null)
WB   : (null)

DEBUG::FETCH: waiting for fetch stall


----

PIPELINE:
DCODE: (null)
EXEC : (null)
MEM  : (null)
WB   : (null)

DEBUG::FETCH: waiting for fetch stall


----

PIPELINE:
DCODE: (null)
EXEC : (null)
MEM  : (null)
WB   : (null)



----

PIPELINE:
DCODE: OP (PC=00400014 inst=0000000c) src1=R-1 (00000000) src2=R-1 (00000000) dst=R-1 valid 0 (00000000) br=0 taken=0 dest=00000000 mem=0 addr=00000000
EXEC : (null)
MEM  : (null)
WB   : (null)

DEBUG::FETCH: start fetching!


----

PIPELINE:
DCODE: (null)
EXEC : OP (PC=00400014 inst=0000000c) src1=R2 (00000000) src2=R3 (00000000) dst=R0 valid 0 (00000000) br=0 taken=0 dest=00000000 mem=0 addr=00000000
MEM  : (null)
WB   : (null)

DEBUG::FETCH: waiting for fetch stall


----

PIPELINE:
DCODE: (null)
EXEC : (null)
MEM  : OP (PC=00400014 inst=0000000c) src1=R2 (0000000a) src2=R3 (00000000) dst=R0 valid 1 (00000000) br=0 taken=0 dest=00000000 mem=0 addr=00000000
WB   : (null)

DEBUG::FETCH: waiting for fetch stall


----

PIPELINE:
DCODE: (null)
EXEC : (null)
MEM  : (null)
WB   : OP (PC=00400014 inst=0000000c) src1=R2 (0000000a) src2=R3 (00000000) dst=R0 valid 1 (00000000) br=0 taken=0 dest=00000000 mem=0 addr=00000000

DEBUG::FETCH: waiting for fetch stall
Simulator halted

MIPS-SIM> 
PC: 0x00400014
R0: 0x00000000
R1: 0x00000000
R2: 0x0000000a
R3: 0x00000000
R4: 0x00000000
R5: 0x00000000
R6: 0x00000000
R7: 0x00000000
R8: 0x000001f4
R9: 0xffffff38
R10: 0x000003e8
R11: 0x0000012c
R12: 0x0000012c
R13: 0xfffffe70
R14: 0x00000000
R15: 0x00000000
R16: 0x00000000
R17: 0x00000000
R18: 0x00000000
R19: 0x00000000
R20: 0x00000000
R21: 0x00000000
R22: 0x00000000
R23: 0x00000000
R24: 0x00000000
R25: 0x00000000
R26: 0x00000000
R27: 0x00000000
R28: 0x00000000
R29: 0x00000000
R30: 0x00000000
R31: 0x00000000
HI: 0x00000000
LO: 0x00000000
Cycles: 316
FetchedInstr: 6
RetiredInstr: 6
IPC: 0.019
Flushes: 0
MIPS-SIM> 
Bye.
