python3 run.py inputs/long/primes.x
[1mTesting: [0minputs/long/primes.x
  Stats          BaselineSim     YourSim    
  PC:             0x00400074    0x00400074  
  R0:             0x00000000    0x00000000  
  R1:             0x00000000    0x00000000  
  R2:             0x0000000a    0x0000000a  
  R3:             0x00000000    0x00000000  
  R4:             0x00000000    0x00000000  
  R5:             0x00000000    0x00000000  
  R6:             0x00000000    0x00000000  
  R7:             0x00000000    0x00000000  
  R8:             0x1000bde3    0x1000bde3  
  R9:             0x00000000    0x00000000  
  R10:            0x00000001    0x00000001  
  R11:            0x0000bde3    0x0000bde3  
  R12:            0x00000000    0x00000000  
  R13:            0x00000000    0x00000000  
  R14:            0x00000000    0x00000000  
  R15:            0x00000000    0x00000000  
  R16:            0x10000000    0x10000000  
  R17:            0x00000000    0x00000000  
  R18:            0x00000000    0x00000000  
  R19:            0x00000000    0x00000000  
  R20:            0x00000000    0x00000000  
  R21:            0x00000000    0x00000000  
  R22:            0x00000000    0x00000000  
  R23:            0x00000000    0x00000000  
  R24:            0x00000000    0x00000000  
  R25:            0x00000000    0x00000000  
  R26:            0x00000000    0x00000000  
  R27:            0x00000000    0x00000000  
  R28:            0x00000000    0x00000000  
  R29:            0x00000000    0x00000000  
  R30:            0x00000000    0x00000000  
  R31:            0x00000000    0x00000000  
  HI:             0x00000000    0x00000000  
  LO:             0x00000000    0x00000000  
  Cycles:          2995487       2995487    
  FetchedInstr:    2995487       2995487    
  RetiredInstr:    2096285       2096285    
  IPC:              0.700         0.700     
  Flushes:          449599        449599    

  [0;32mREGISTER CONTENTS OK[0m

